SF:lib/features/tranding/data/datasources/tranding_remote_data_source.dart
DA:15,1
DA:19,1
DA:21,2
DA:22,2
DA:26,0
LF:5
LH:4
end_of_record
SF:lib/features/tranding/data/models/tranding_response_model.dart
DA:9,2
DA:21,0
DA:22,0
DA:24,2
DA:25,2
DA:26,2
DA:27,2
DA:28,8
DA:29,2
DA:30,2
DA:35,3
DA:77,4
DA:78,2
DA:79,2
DA:80,2
DA:81,2
DA:82,2
DA:83,2
DA:84,2
DA:85,2
DA:86,2
DA:87,2
DA:88,2
DA:89,2
DA:90,2
DA:91,2
DA:92,2
DA:93,2
DA:94,2
DA:95,2
DA:97,0
DA:98,2
DA:101,2
DA:102,2
DA:103,2
DA:104,2
DA:105,2
DA:106,2
DA:107,2
DA:108,2
DA:109,2
DA:110,2
DA:111,2
DA:112,2
DA:113,2
DA:114,2
DA:115,2
DA:116,2
DA:117,2
DA:121,0
DA:123,0
DA:126,0
DA:130,0
DA:131,0
DA:132,0
DA:133,0
DA:134,0
DA:135,0
DA:136,0
DA:137,0
DA:138,0
DA:139,0
DA:140,0
DA:141,0
DA:142,0
DA:143,0
DA:144,0
DA:145,0
DA:146,0
DA:147,0
DA:148,0
DA:149,0
DA:155,0
DA:156,0
DA:160,0
DA:171,0
DA:173,0
DA:174,0
DA:175,0
LF:79
LH:46
end_of_record
SF:lib/features/tranding/data/repositories/tranding_repository_impl.dart
DA:12,1
DA:16,1
DA:19,2
DA:20,6
DA:21,0
DA:24,0
LF:6
LH:4
end_of_record
SF:lib/common/failure.dart
DA:5,5
DA:7,0
DA:8,0
DA:12,5
DA:16,0
DA:20,0
DA:24,0
LF:7
LH:2
end_of_record
SF:lib/features/tranding/domain/entities/tranding.dart
DA:4,4
DA:38,2
DA:42,2
DA:43,6
DA:44,6
DA:45,6
DA:46,6
DA:47,6
DA:48,6
DA:49,6
DA:50,6
DA:51,6
DA:52,6
DA:53,6
DA:54,6
DA:55,6
DA:56,6
DA:57,6
LF:18
LH:18
end_of_record
SF:lib/features/tranding/domain/usecases/get_tranding_all.dart
DA:9,1
DA:13,1
DA:14,2
LF:3
LH:3
end_of_record
SF:lib/features/tranding/presentation/bloc/tranding_bloc.dart
DA:14,1
DA:16,2
DA:17,2
DA:18,2
DA:19,2
DA:20,1
DA:21,4
DA:22,3
LF:8
LH:8
end_of_record
SF:lib/features/tranding/presentation/bloc/tranding_event.dart
DA:4,1
DA:6,0
DA:7,0
LF:3
LH:1
end_of_record
SF:lib/features/tranding/presentation/bloc/tranding_state.dart
DA:4,2
DA:6,1
DA:7,1
DA:16,1
DA:20,1
DA:21,2
DA:26,2
DA:30,1
DA:31,2
LF:9
LH:9
end_of_record
SF:lib/features/tranding/presentation/widgets/trending_widget.dart
DA:7,1
DA:10,1
DA:14,1
DA:16,1
DA:17,0
DA:18,1
DA:21,1
DA:22,1
DA:25,1
DA:27,1
DA:28,3
DA:29,1
DA:35,1
DA:36,2
LF:14
LH:13
end_of_record
SF:lib/main.dart
DA:7,0
DA:8,0
DA:9,0
DA:13,2
DA:15,1
DA:17,1
DA:18,1
DA:19,2
DA:20,1
DA:22,1
LF:10
LH:7
end_of_record
SF:lib/features/tranding/presentation/pages/tranding_pages.dart
DA:8,1
DA:10,1
DA:11,1
DA:15,1
DA:17,1
DA:19,1
DA:20,1
DA:21,1
DA:23,1
DA:24,1
DA:25,1
DA:26,1
DA:27,1
DA:28,1
DA:30,3
DA:36,1
DA:37,1
DA:39,1
DA:40,1
DA:46,1
DA:47,1
DA:49,3
DA:50,1
DA:51,1
DA:53,1
DA:54,1
DA:55,1
DA:56,1
LF:28
LH:28
end_of_record
SF:lib/features/tranding/presentation/widgets/tranding_list_widget.dart
DA:8,1
DA:10,1
DA:12,1
DA:13,0
DA:14,0
DA:17,0
DA:18,0
DA:21,0
DA:22,0
DA:23,0
DA:24,0
DA:29,0
DA:30,0
LF:13
LH:3
end_of_record
SF:lib/injection.dart
DA:9,3
DA:11,0
DA:14,0
DA:15,0
DA:16,0
DA:21,0
DA:24,0
DA:25,0
DA:29,0
DA:30,0
DA:34,0
LF:11
LH:1
end_of_record
